<?xml version="1.0" encoding="UTF-8"?>
<!-- Generated by org.testng.reporters.JUnitReportReporter -->
<testsuite skipped="0" hostname="wujiaojiaodeAir.lan" name="mainTestClass" tests="1" failures="0" timestamp="2019-12-08T18:24:20 CST" time="0.967" errors="0">
  <testcase name="Test" time="0.967" classname="mainTestClass"/>
</testsuite> <!-- mainTestClass -->
